Started GET "/" for ::1 at 2023-02-16 16:39:10 +0530
Processing by Rails::WelcomeController#index as HTML
  Rendering /var/lib/gems/3.0.0/gems/railties-7.0.4.2/lib/rails/templates/rails/welcome/index.html.erb
  Rendered /var/lib/gems/3.0.0/gems/railties-7.0.4.2/lib/rails/templates/rails/welcome/index.html.erb (Duration: 37.3ms | Allocations: 931)
Completed 200 OK in 59ms (Views: 45.4ms | ActiveRecord: 0.0ms | Allocations: 7976)


Started GET "/home/index" for ::1 at 2023-02-16 16:47:53 +0530
Processing by HomeController#index as HTML
  Rendering layout layouts/application.html.erb
  Rendering home/index.html.erb within layouts/application
  Rendered home/index.html.erb within layouts/application (Duration: 10.6ms | Allocations: 457)
  Rendered layout layouts/application.html.erb (Duration: 847.1ms | Allocations: 101593)
Completed 200 OK in 1005ms (Views: 917.4ms | ActiveRecord: 0.0ms | Allocations: 107632)


Started GET "/home/index" for ::1 at 2023-02-16 16:51:20 +0530
Processing by HomeController#index as HTML
  Rendering layout layouts/application.html.erb
  Rendering home/index.html.erb within layouts/application
  Rendered home/index.html.erb within layouts/application (Duration: 5.9ms | Allocations: 137)
  Rendered layout layouts/application.html.erb (Duration: 89.3ms | Allocations: 3302)
Completed 200 OK in 99ms (Views: 95.9ms | ActiveRecord: 0.0ms | Allocations: 4461)


Started GET "/home/index" for ::1 at 2023-02-16 16:52:27 +0530
  
ActionController::RoutingError (No route matches [GET] "/home/index"):
  
Started GET "/" for ::1 at 2023-02-16 16:52:33 +0530
Processing by HomeController#index as HTML
  Rendering layout layouts/application.html.erb
  Rendering home/index.html.erb within layouts/application
  Rendered home/index.html.erb within layouts/application (Duration: 0.2ms | Allocations: 12)
  Rendered layout layouts/application.html.erb (Duration: 211.9ms | Allocations: 15933)
Completed 200 OK in 225ms (Views: 222.5ms | Allocations: 16792)


Started GET "/" for ::1 at 2023-02-16 17:07:58 +0530
Processing by HomeController#index as HTML
  Rendering layout layouts/application.html.erb
  Rendering home/index.html.erb within layouts/application
  Rendered home/index.html.erb within layouts/application (Duration: 2.2ms | Allocations: 132)
  Rendered layout layouts/application.html.erb (Duration: 314.4ms | Allocations: 16567)
Completed 200 OK in 326ms (Views: 321.8ms | Allocations: 17751)


Started GET "/" for ::1 at 2023-02-16 17:08:53 +0530
Processing by HomeController#index as HTML
  Rendering layout layouts/application.html.erb
  Rendering home/index.html.erb within layouts/application
  Rendered home/index.html.erb within layouts/application (Duration: 3.2ms | Allocations: 136)
  Rendered layout layouts/application.html.erb (Duration: 23.5ms | Allocations: 3621)
Completed 200 OK in 38ms (Views: 29.2ms | Allocations: 4730)


Started GET "/home/about" for ::1 at 2023-02-16 17:08:54 +0530
  
ActionController::RoutingError (No route matches [GET] "/home/about"):
  
Started GET "/home/about" for ::1 at 2023-02-16 17:09:28 +0530
  
ActionController::RoutingError (No route matches [GET] "/home/about"):
  
Started GET "/home/about" for ::1 at 2023-02-16 17:10:32 +0530
Processing by HomeController#about as HTML
  Rendering layout layouts/application.html.erb
  Rendering home/about.html.erb within layouts/application
  Rendered home/about.html.erb within layouts/application (Duration: 0.8ms | Allocations: 132)
  Rendered layout layouts/application.html.erb (Duration: 41.6ms | Allocations: 16619)
Completed 200 OK in 53ms (Views: 52.0ms | Allocations: 17752)


Started GET "/home/about" for ::1 at 2023-02-16 17:10:35 +0530
Processing by HomeController#about as HTML
  Rendering layout layouts/application.html.erb
  Rendering home/about.html.erb within layouts/application
  Rendered home/about.html.erb within layouts/application (Duration: 0.1ms | Allocations: 7)
  Rendered layout layouts/application.html.erb (Duration: 27.3ms | Allocations: 2626)
Completed 200 OK in 65ms (Views: 62.1ms | Allocations: 2951)


Started GET "/home/about" for ::1 at 2023-02-16 17:11:08 +0530
Processing by HomeController#about as HTML
  Rendering layout layouts/application.html.erb
  Rendering home/about.html.erb within layouts/application
  Rendered home/about.html.erb within layouts/application (Duration: 1.8ms | Allocations: 131)
  Rendered layout layouts/application.html.erb (Duration: 30.7ms | Allocations: 3618)
Completed 200 OK in 115ms (Views: 39.2ms | Allocations: 4711)


Started GET "/" for ::1 at 2023-02-16 17:11:10 +0530
Processing by HomeController#index as HTML
  Rendering layout layouts/application.html.erb
  Rendering home/index.html.erb within layouts/application
  Rendered home/index.html.erb within layouts/application (Duration: 1.6ms | Allocations: 105)
  Rendered layout layouts/application.html.erb (Duration: 17.3ms | Allocations: 2720)
Completed 200 OK in 22ms (Views: 19.7ms | Allocations: 3099)


Started GET "/home/about" for ::1 at 2023-02-16 17:11:12 +0530
Processing by HomeController#about as HTML
  Rendering layout layouts/application.html.erb
  Rendering home/about.html.erb within layouts/application
  Rendered home/about.html.erb within layouts/application (Duration: 0.1ms | Allocations: 7)
  Rendered layout layouts/application.html.erb (Duration: 10.4ms | Allocations: 2618)
Completed 200 OK in 14ms (Views: 12.7ms | Allocations: 2928)


Started GET "/" for ::1 at 2023-02-16 17:11:13 +0530
Processing by HomeController#index as HTML
  Rendering layout layouts/application.html.erb
  Rendering home/index.html.erb within layouts/application
  Rendered home/index.html.erb within layouts/application (Duration: 0.1ms | Allocations: 7)
  Rendered layout layouts/application.html.erb (Duration: 18.3ms | Allocations: 2620)
Completed 200 OK in 20ms (Views: 19.3ms | Allocations: 2930)


Started GET "/home/about" for ::1 at 2023-02-16 17:11:14 +0530
Processing by HomeController#about as HTML
  Rendering layout layouts/application.html.erb
  Rendering home/about.html.erb within layouts/application
  Rendered home/about.html.erb within layouts/application (Duration: 0.1ms | Allocations: 7)
  Rendered layout layouts/application.html.erb (Duration: 12.6ms | Allocations: 2618)
Completed 200 OK in 16ms (Views: 14.3ms | Allocations: 2928)


Started GET "/home/about" for ::1 at 2023-02-16 17:11:39 +0530
Processing by HomeController#about as HTML
  Rendering layout layouts/application.html.erb
  Rendering home/about.html.erb within layouts/application
  Rendered home/about.html.erb within layouts/application (Duration: 2.0ms | Allocations: 131)
  Rendered layout layouts/application.html.erb (Duration: 27.1ms | Allocations: 3610)
Completed 200 OK in 43ms (Views: 35.6ms | Allocations: 4702)


Started GET "/" for ::1 at 2023-02-16 17:11:57 +0530
Processing by HomeController#index as HTML
  Rendering layout layouts/application.html.erb
  Rendering home/index.html.erb within layouts/application
  Rendered home/index.html.erb within layouts/application (Duration: 0.9ms | Allocations: 105)
  Rendered layout layouts/application.html.erb (Duration: 9.3ms | Allocations: 2726)
Completed 200 OK in 12ms (Views: 10.4ms | Allocations: 3105)


Started GET "/home/about" for ::1 at 2023-02-16 17:11:58 +0530
Processing by HomeController#about as HTML
  Rendering layout layouts/application.html.erb
  Rendering home/about.html.erb within layouts/application
  Rendered home/about.html.erb within layouts/application (Duration: 0.1ms | Allocations: 7)
  Rendered layout layouts/application.html.erb (Duration: 13.2ms | Allocations: 2624)
Completed 200 OK in 17ms (Views: 16.1ms | Allocations: 2934)


Started GET "/" for ::1 at 2023-02-16 17:11:59 +0530
Processing by HomeController#index as HTML
  Rendering layout layouts/application.html.erb
  Rendering home/index.html.erb within layouts/application
  Rendered home/index.html.erb within layouts/application (Duration: 0.1ms | Allocations: 7)
  Rendered layout layouts/application.html.erb (Duration: 15.6ms | Allocations: 2624)
Completed 200 OK in 20ms (Views: 18.8ms | Allocations: 2934)


Started GET "/home/about" for ::1 at 2023-02-16 17:12:00 +0530
Processing by HomeController#about as HTML
  Rendering layout layouts/application.html.erb
  Rendering home/about.html.erb within layouts/application
  Rendered home/about.html.erb within layouts/application (Duration: 0.1ms | Allocations: 7)
  Rendered layout layouts/application.html.erb (Duration: 10.9ms | Allocations: 2628)
Completed 200 OK in 14ms (Views: 12.3ms | Allocations: 2938)


Started GET "/home/about" for ::1 at 2023-02-16 17:18:52 +0530
Processing by HomeController#about as HTML
  Rendering layout layouts/application.html.erb
  Rendering home/about.html.erb within layouts/application
  Rendered home/about.html.erb within layouts/application (Duration: 1.2ms | Allocations: 131)
  Rendered home/_navbarheader.html.erb (Duration: 2.6ms | Allocations: 463)
  Rendered layout layouts/application.html.erb (Duration: 41.7ms | Allocations: 3866)
Completed 200 OK in 52ms (Views: 48.6ms | Allocations: 4957)


Started GET "/" for ::1 at 2023-02-16 17:18:54 +0530
Processing by HomeController#index as HTML
  Rendering layout layouts/application.html.erb
  Rendering home/index.html.erb within layouts/application
  Rendered home/index.html.erb within layouts/application (Duration: 1.9ms | Allocations: 108)
  Rendered home/_navbarheader.html.erb (Duration: 0.1ms | Allocations: 9)
  Rendered layout layouts/application.html.erb (Duration: 28.9ms | Allocations: 2789)
Completed 200 OK in 34ms (Views: 31.0ms | Allocations: 3170)


Started GET "/home/about" for ::1 at 2023-02-16 17:18:55 +0530
Processing by HomeController#about as HTML
  Rendering layout layouts/application.html.erb
  Rendering home/about.html.erb within layouts/application
  Rendered home/about.html.erb within layouts/application (Duration: 0.2ms | Allocations: 7)
  Rendered home/_navbarheader.html.erb (Duration: 0.2ms | Allocations: 9)
  Rendered layout layouts/application.html.erb (Duration: 21.4ms | Allocations: 2688)
Completed 200 OK in 28ms (Views: 26.6ms | Allocations: 2998)


  [1m[35m (166.3ms)[0m  [1m[35mCREATE TABLE "schema_migrations" ("version" varchar NOT NULL PRIMARY KEY)[0m
  [1m[35m (214.8ms)[0m  [1m[35mCREATE TABLE "ar_internal_metadata" ("key" varchar NOT NULL PRIMARY KEY, "value" varchar, "created_at" datetime(6) NOT NULL, "updated_at" datetime(6) NOT NULL)[0m
  [1m[36mActiveRecord::SchemaMigration Pluck (0.2ms)[0m  [1m[34mSELECT "schema_migrations"."version" FROM "schema_migrations" ORDER BY "schema_migrations"."version" ASC[0m
Migrating to CreateFriends (20230216120811)
  [1m[36mTRANSACTION (0.1ms)[0m  [1m[36mbegin transaction[0m
  [1m[35m (35.1ms)[0m  [1m[35mCREATE TABLE "friends" ("id" integer PRIMARY KEY AUTOINCREMENT NOT NULL, "first_name" varchar, "last_name" varchar, "email" varchar, "phone" varchar, "twitter" varchar, "created_at" datetime(6) NOT NULL, "updated_at" datetime(6) NOT NULL)[0m
  [1m[36mActiveRecord::SchemaMigration Create (0.5ms)[0m  [1m[32mINSERT INTO "schema_migrations" ("version") VALUES (?)[0m  [["version", "20230216120811"]]
  [1m[36mTRANSACTION (211.4ms)[0m  [1m[36mcommit transaction[0m
  [1m[36mActiveRecord::InternalMetadata Load (1.7ms)[0m  [1m[34mSELECT "ar_internal_metadata".* FROM "ar_internal_metadata" WHERE "ar_internal_metadata"."key" = ? LIMIT ?[0m  [["key", "environment"], ["LIMIT", 1]]
  [1m[36mTRANSACTION (0.1ms)[0m  [1m[36mbegin transaction[0m
  [1m[36mActiveRecord::InternalMetadata Create (0.9ms)[0m  [1m[32mINSERT INTO "ar_internal_metadata" ("key", "value", "created_at", "updated_at") VALUES (?, ?, ?, ?)[0m  [["key", "environment"], ["value", "development"], ["created_at", "2023-02-16 12:12:29.578582"], ["updated_at", "2023-02-16 12:12:29.578582"]]
  [1m[36mTRANSACTION (117.1ms)[0m  [1m[36mcommit transaction[0m
  [1m[36mActiveRecord::SchemaMigration Pluck (0.7ms)[0m  [1m[34mSELECT "schema_migrations"."version" FROM "schema_migrations" ORDER BY "schema_migrations"."version" ASC[0m
Started GET "/home/about" for ::1 at 2023-02-16 17:44:28 +0530
  [1m[36mActiveRecord::SchemaMigration Pluck (19.6ms)[0m  [1m[34mSELECT "schema_migrations"."version" FROM "schema_migrations" ORDER BY "schema_migrations"."version" ASC[0m
Processing by HomeController#about as HTML
  Rendering layout layouts/application.html.erb
  Rendering home/about.html.erb within layouts/application
  Rendered home/about.html.erb within layouts/application (Duration: 52.6ms | Allocations: 135)
  Rendered home/_navbarheader.html.erb (Duration: 99.7ms | Allocations: 463)
  Rendered layout layouts/application.html.erb (Duration: 1864.7ms | Allocations: 16881)
Completed 200 OK in 1891ms (Views: 1889.7ms | ActiveRecord: 0.0ms | Allocations: 18088)


Started GET "/" for ::1 at 2023-02-16 17:44:47 +0530
Processing by HomeController#index as HTML
  Rendering layout layouts/application.html.erb
  Rendering home/index.html.erb within layouts/application
  Rendered home/index.html.erb within layouts/application (Duration: 7.9ms | Allocations: 106)
  Rendered home/_navbarheader.html.erb (Duration: 0.1ms | Allocations: 9)
  Rendered layout layouts/application.html.erb (Duration: 32.5ms | Allocations: 2787)
Completed 200 OK in 34ms (Views: 33.4ms | ActiveRecord: 0.0ms | Allocations: 3169)


Started GET "/" for ::1 at 2023-02-16 17:44:50 +0530
Processing by HomeController#index as HTML
  Rendering layout layouts/application.html.erb
  Rendering home/index.html.erb within layouts/application
  Rendered home/index.html.erb within layouts/application (Duration: 0.1ms | Allocations: 7)
  Rendered home/_navbarheader.html.erb (Duration: 0.2ms | Allocations: 9)
  Rendered layout layouts/application.html.erb (Duration: 20.6ms | Allocations: 2692)
Completed 200 OK in 24ms (Views: 21.5ms | ActiveRecord: 0.0ms | Allocations: 3003)


Started GET "/" for ::1 at 2023-02-16 17:46:30 +0530
Processing by HomeController#index as HTML
  Rendering layout layouts/application.html.erb
  Rendering home/index.html.erb within layouts/application
  Rendered home/index.html.erb within layouts/application (Duration: 0.6ms | Allocations: 131)
  Rendered home/_navbarheader.html.erb (Duration: 1.6ms | Allocations: 463)
  Rendered layout layouts/application.html.erb (Duration: 106.6ms | Allocations: 3868)
Completed 200 OK in 147ms (Views: 144.6ms | ActiveRecord: 0.0ms | Allocations: 4969)


Started GET "/home/friends" for ::1 at 2023-02-16 17:46:32 +0530
  
ActionController::RoutingError (No route matches [GET] "/home/friends"):
  
Started GET "/home/friends" for ::1 at 2023-02-16 17:46:50 +0530
  
ActionController::RoutingError (No route matches [GET] "/home/friends"):
  
Started GET "/" for ::1 at 2023-02-16 17:47:02 +0530
Processing by HomeController#index as HTML
  Rendering layout layouts/application.html.erb
  Rendering home/index.html.erb within layouts/application
  Rendered home/index.html.erb within layouts/application (Duration: 1.5ms | Allocations: 131)
  Rendered home/_navbarheader.html.erb (Duration: 37.7ms | Allocations: 463)
  Rendered layout layouts/application.html.erb (Duration: 152.7ms | Allocations: 3867)
Completed 200 OK in 180ms (Views: 177.2ms | ActiveRecord: 0.0ms | Allocations: 4933)


Started GET "/friends" for ::1 at 2023-02-16 17:47:05 +0530
Processing by FriendsController#index as HTML
  Rendering layout layouts/application.html.erb
  Rendering friends/index.html.erb within layouts/application
  [1m[36mFriend Load (1.0ms)[0m  [1m[34mSELECT "friends".* FROM "friends"[0m
  ↳ app/views/friends/index.html.erb:6
  Rendered friends/index.html.erb within layouts/application (Duration: 208.3ms | Allocations: 1358)
  Rendered home/_navbarheader.html.erb (Duration: 0.1ms | Allocations: 12)
  Rendered layout layouts/application.html.erb (Duration: 220.8ms | Allocations: 4101)
Completed 200 OK in 783ms (Views: 255.8ms | ActiveRecord: 1.0ms | Allocations: 5970)


Started GET "/friends/new" for ::1 at 2023-02-16 17:47:16 +0530
Processing by FriendsController#new as HTML
  Rendering layout layouts/application.html.erb
  Rendering friends/new.html.erb within layouts/application
  Rendered friends/_form.html.erb (Duration: 2215.6ms | Allocations: 6470)
  Rendered friends/new.html.erb within layouts/application (Duration: 2257.9ms | Allocations: 6826)
  Rendered home/_navbarheader.html.erb (Duration: 0.2ms | Allocations: 10)
  Rendered layout layouts/application.html.erb (Duration: 3478.5ms | Allocations: 9487)
Completed 200 OK in 5367ms (Views: 3518.5ms | ActiveRecord: 3.9ms | Allocations: 27369)


Started POST "/friends" for ::1 at 2023-02-16 17:47:43 +0530
Processing by FriendsController#create as TURBO_STREAM
  Parameters: {"authenticity_token"=>"[FILTERED]", "friend"=>{"first_name"=>"Aditya", "last_name"=>"Test", "email"=>"slkdqlwdqlw@", "phone"=>"12202020", "twitter"=>"dkmdkmdkm"}, "commit"=>"Create Friend"}
  [1m[36mTRANSACTION (0.3ms)[0m  [1m[36mbegin transaction[0m
  ↳ app/controllers/friends_controller.rb:27:in `block in create'
  [1m[36mFriend Create (22.0ms)[0m  [1m[32mINSERT INTO "friends" ("first_name", "last_name", "email", "phone", "twitter", "created_at", "updated_at") VALUES (?, ?, ?, ?, ?, ?, ?)[0m  [["first_name", "Aditya"], ["last_name", "Test"], ["email", "slkdqlwdqlw@"], ["phone", "12202020"], ["twitter", "dkmdkmdkm"], ["created_at", "2023-02-16 12:17:44.568334"], ["updated_at", "2023-02-16 12:17:44.568334"]]
  ↳ app/controllers/friends_controller.rb:27:in `block in create'
  [1m[36mTRANSACTION (329.6ms)[0m  [1m[36mcommit transaction[0m
  ↳ app/controllers/friends_controller.rb:27:in `block in create'
Redirected to http://localhost:3000/friends/1
Completed 302 Found in 1942ms (ActiveRecord: 351.9ms | Allocations: 3743)


Started GET "/friends/1" for ::1 at 2023-02-16 17:47:45 +0530
Processing by FriendsController#show as TURBO_STREAM
  Parameters: {"id"=>"1"}
  [1m[36mFriend Load (0.3ms)[0m  [1m[34mSELECT "friends".* FROM "friends" WHERE "friends"."id" = ? LIMIT ?[0m  [["id", 1], ["LIMIT", 1]]
  ↳ app/controllers/friends_controller.rb:63:in `set_friend'
  Rendering layout layouts/application.html.erb
  Rendering friends/show.html.erb within layouts/application
  Rendered friends/_friend.html.erb (Duration: 16.2ms | Allocations: 365)
  Rendered friends/show.html.erb within layouts/application (Duration: 264.9ms | Allocations: 1848)
  Rendered home/_navbarheader.html.erb (Duration: 0.2ms | Allocations: 8)
  Rendered layout layouts/application.html.erb (Duration: 371.2ms | Allocations: 4482)
Completed 200 OK in 712ms (Views: 379.3ms | ActiveRecord: 0.3ms | Allocations: 7607)


Started GET "/friends" for ::1 at 2023-02-16 17:47:50 +0530
Processing by FriendsController#index as HTML
  Rendering layout layouts/application.html.erb
  Rendering friends/index.html.erb within layouts/application
  [1m[36mFriend Load (0.3ms)[0m  [1m[34mSELECT "friends".* FROM "friends"[0m
  ↳ app/views/friends/index.html.erb:6
  Rendered friends/_friend.html.erb (Duration: 0.2ms | Allocations: 25)
  Rendered friends/index.html.erb within layouts/application (Duration: 5.5ms | Allocations: 950)
  Rendered home/_navbarheader.html.erb (Duration: 0.1ms | Allocations: 8)
  Rendered layout layouts/application.html.erb (Duration: 121.6ms | Allocations: 3476)
Completed 200 OK in 140ms (Views: 123.0ms | ActiveRecord: 0.3ms | Allocations: 3835)


Started GET "/friends" for ::1 at 2023-02-16 17:47:57 +0530
Processing by FriendsController#index as HTML
  Rendering layout layouts/application.html.erb
  Rendering friends/index.html.erb within layouts/application
  [1m[36mFriend Load (0.1ms)[0m  [1m[34mSELECT "friends".* FROM "friends"[0m
  ↳ app/views/friends/index.html.erb:6
  Rendered friends/_friend.html.erb (Duration: 0.1ms | Allocations: 25)
  Rendered friends/index.html.erb within layouts/application (Duration: 2.0ms | Allocations: 863)
  Rendered home/_navbarheader.html.erb (Duration: 0.1ms | Allocations: 8)
  Rendered layout layouts/application.html.erb (Duration: 37.3ms | Allocations: 3387)
Completed 200 OK in 55ms (Views: 37.9ms | ActiveRecord: 0.1ms | Allocations: 3717)


Started GET "/friends/new" for ::1 at 2023-02-16 17:47:59 +0530
Processing by FriendsController#new as HTML
  Rendering layout layouts/application.html.erb
  Rendering friends/new.html.erb within layouts/application
  Rendered friends/_form.html.erb (Duration: 22.3ms | Allocations: 1763)
  Rendered friends/new.html.erb within layouts/application (Duration: 22.6ms | Allocations: 1848)
  Rendered home/_navbarheader.html.erb (Duration: 0.1ms | Allocations: 8)
  Rendered layout layouts/application.html.erb (Duration: 26.5ms | Allocations: 4359)
Completed 200 OK in 28ms (Views: 27.1ms | ActiveRecord: 0.0ms | Allocations: 4696)


Started POST "/friends" for ::1 at 2023-02-16 17:48:11 +0530
Processing by FriendsController#create as TURBO_STREAM
  Parameters: {"authenticity_token"=>"[FILTERED]", "friend"=>{"first_name"=>"2nd", "last_name"=>"ewwlk", "email"=>"ksdfvnldfvnl", "phone"=>"329489489", "twitter"=>"odkjsnk"}, "commit"=>"Create Friend"}
  [1m[36mTRANSACTION (0.1ms)[0m  [1m[36mbegin transaction[0m
  ↳ app/controllers/friends_controller.rb:27:in `block in create'
  [1m[36mFriend Create (112.8ms)[0m  [1m[32mINSERT INTO "friends" ("first_name", "last_name", "email", "phone", "twitter", "created_at", "updated_at") VALUES (?, ?, ?, ?, ?, ?, ?)[0m  [["first_name", "2nd"], ["last_name", "ewwlk"], ["email", "ksdfvnldfvnl"], ["phone", "329489489"], ["twitter", "odkjsnk"], ["created_at", "2023-02-16 12:18:11.056575"], ["updated_at", "2023-02-16 12:18:11.056575"]]
  ↳ app/controllers/friends_controller.rb:27:in `block in create'
  [1m[36mTRANSACTION (138.0ms)[0m  [1m[36mcommit transaction[0m
  ↳ app/controllers/friends_controller.rb:27:in `block in create'
Redirected to http://localhost:3000/friends/2
Completed 302 Found in 263ms (ActiveRecord: 251.0ms | Allocations: 2349)


Started GET "/friends/2" for ::1 at 2023-02-16 17:48:11 +0530
Processing by FriendsController#show as TURBO_STREAM
  Parameters: {"id"=>"2"}
  [1m[36mFriend Load (0.3ms)[0m  [1m[34mSELECT "friends".* FROM "friends" WHERE "friends"."id" = ? LIMIT ?[0m  [["id", 2], ["LIMIT", 1]]
  ↳ app/controllers/friends_controller.rb:63:in `set_friend'
  Rendering layout layouts/application.html.erb
  Rendering friends/show.html.erb within layouts/application
  Rendered friends/_friend.html.erb (Duration: 0.2ms | Allocations: 25)
  Rendered friends/show.html.erb within layouts/application (Duration: 2.6ms | Allocations: 600)
  Rendered home/_navbarheader.html.erb (Duration: 0.1ms | Allocations: 8)
  Rendered layout layouts/application.html.erb (Duration: 10.3ms | Allocations: 3103)
Completed 200 OK in 16ms (Views: 11.6ms | ActiveRecord: 0.3ms | Allocations: 3877)


Started GET "/friends" for ::1 at 2023-02-16 17:48:13 +0530
Processing by FriendsController#index as HTML
  Rendering layout layouts/application.html.erb
  Rendering friends/index.html.erb within layouts/application
  [1m[36mFriend Load (0.2ms)[0m  [1m[34mSELECT "friends".* FROM "friends"[0m
  ↳ app/views/friends/index.html.erb:6
  Rendered friends/_friend.html.erb (Duration: 0.1ms | Allocations: 25)
  Rendered friends/_friend.html.erb (Duration: 0.1ms | Allocations: 24)
  Rendered friends/index.html.erb within layouts/application (Duration: 3.0ms | Allocations: 985)
  Rendered home/_navbarheader.html.erb (Duration: 0.1ms | Allocations: 8)
  Rendered layout layouts/application.html.erb (Duration: 10.7ms | Allocations: 3513)
Completed 200 OK in 12ms (Views: 11.3ms | ActiveRecord: 0.2ms | Allocations: 3839)


Started GET "/friends" for ::1 at 2023-02-16 17:54:58 +0530
Processing by FriendsController#index as HTML
  Rendering layout layouts/application.html.erb
  Rendering friends/index.html.erb within layouts/application
  [1m[36mFriend Load (0.3ms)[0m  [1m[34mSELECT "friends".* FROM "friends"[0m
  ↳ app/views/friends/index.html.erb:6
  Rendered friends/_friend.html.erb (Duration: 11.6ms | Allocations: 308)
  Rendered friends/_friend.html.erb (Duration: 0.2ms | Allocations: 24)
  Rendered friends/index.html.erb within layouts/application (Duration: 39.1ms | Allocations: 2042)
  Rendered home/_navbarheader.html.erb (Duration: 1.5ms | Allocations: 526)
  Rendered layout layouts/application.html.erb (Duration: 95.4ms | Allocations: 5597)
Completed 200 OK in 101ms (Views: 99.1ms | ActiveRecord: 0.9ms | Allocations: 6724)


Started GET "/friends" for ::1 at 2023-02-16 17:55:00 +0530
Processing by FriendsController#index as HTML
  Rendering layout layouts/application.html.erb
  Rendering friends/index.html.erb within layouts/application
  [1m[36mFriend Load (0.4ms)[0m  [1m[34mSELECT "friends".* FROM "friends"[0m
  ↳ app/views/friends/index.html.erb:6
  Rendered friends/_friend.html.erb (Duration: 1.1ms | Allocations: 25)
  Rendered friends/_friend.html.erb (Duration: 0.4ms | Allocations: 24)
  Rendered friends/index.html.erb within layouts/application (Duration: 17.2ms | Allocations: 987)
  Rendered home/_navbarheader.html.erb (Duration: 0.3ms | Allocations: 35)
  Rendered layout layouts/application.html.erb (Duration: 29.4ms | Allocations: 3538)
Completed 200 OK in 35ms (Views: 31.7ms | ActiveRecord: 0.4ms | Allocations: 3887)


Started GET "/friends" for ::1 at 2023-02-16 17:55:01 +0530
Processing by FriendsController#index as HTML
  Rendering layout layouts/application.html.erb
  Rendering friends/index.html.erb within layouts/application
  [1m[36mFriend Load (0.4ms)[0m  [1m[34mSELECT "friends".* FROM "friends"[0m
  ↳ app/views/friends/index.html.erb:6
  Rendered friends/_friend.html.erb (Duration: 0.4ms | Allocations: 25)
  Rendered friends/_friend.html.erb (Duration: 0.4ms | Allocations: 24)
  Rendered friends/index.html.erb within layouts/application (Duration: 9.7ms | Allocations: 983)
  Rendered home/_navbarheader.html.erb (Duration: 0.6ms | Allocations: 35)
  Rendered layout layouts/application.html.erb (Duration: 31.2ms | Allocations: 3534)
Completed 200 OK in 35ms (Views: 32.8ms | ActiveRecord: 0.4ms | Allocations: 3858)


Started GET "/friends" for ::1 at 2023-02-16 17:55:02 +0530
Processing by FriendsController#index as HTML
  Rendering layout layouts/application.html.erb
  Rendering friends/index.html.erb within layouts/application
  [1m[36mFriend Load (0.4ms)[0m  [1m[34mSELECT "friends".* FROM "friends"[0m
  ↳ app/views/friends/index.html.erb:6
  Rendered friends/_friend.html.erb (Duration: 0.4ms | Allocations: 25)
  Rendered friends/_friend.html.erb (Duration: 0.3ms | Allocations: 24)
  Rendered friends/index.html.erb within layouts/application (Duration: 8.5ms | Allocations: 983)
  Rendered home/_navbarheader.html.erb (Duration: 0.3ms | Allocations: 35)
  Rendered layout layouts/application.html.erb (Duration: 20.9ms | Allocations: 3536)
Completed 200 OK in 24ms (Views: 22.2ms | ActiveRecord: 0.4ms | Allocations: 3862)


Started GET "/home/about" for ::1 at 2023-02-16 17:55:04 +0530
Processing by HomeController#about as HTML
  Rendering layout layouts/application.html.erb
  Rendering home/about.html.erb within layouts/application
  Rendered home/about.html.erb within layouts/application (Duration: 11.4ms | Allocations: 131)
  Rendered home/_navbarheader.html.erb (Duration: 0.8ms | Allocations: 82)
  Rendered layout layouts/application.html.erb (Duration: 27.5ms | Allocations: 3166)
Completed 200 OK in 35ms (Views: 33.0ms | ActiveRecord: 0.0ms | Allocations: 4067)


Started GET "/friends" for ::1 at 2023-02-16 17:55:04 +0530
Processing by FriendsController#index as HTML
  Rendering layout layouts/application.html.erb
  Rendering friends/index.html.erb within layouts/application
  [1m[36mFriend Load (0.7ms)[0m  [1m[34mSELECT "friends".* FROM "friends"[0m
  ↳ app/views/friends/index.html.erb:6
  Rendered friends/_friend.html.erb (Duration: 0.7ms | Allocations: 30)
  Rendered friends/_friend.html.erb (Duration: 1.2ms | Allocations: 24)
  Rendered friends/index.html.erb within layouts/application (Duration: 19.7ms | Allocations: 1085)
  Rendered home/_navbarheader.html.erb (Duration: 0.5ms | Allocations: 35)
  Rendered layout layouts/application.html.erb (Duration: 48.2ms | Allocations: 3636)
Completed 200 OK in 60ms (Views: 50.4ms | ActiveRecord: 0.7ms | Allocations: 3983)


Started GET "/friends/1" for ::1 at 2023-02-16 17:59:51 +0530
Processing by FriendsController#show as HTML
  Parameters: {"id"=>"1"}
  [1m[36mFriend Load (0.4ms)[0m  [1m[34mSELECT "friends".* FROM "friends" WHERE "friends"."id" = ? LIMIT ?[0m  [["id", 1], ["LIMIT", 1]]
  ↳ app/controllers/friends_controller.rb:63:in `set_friend'
  Rendering layout layouts/application.html.erb
  Rendering friends/show.html.erb within layouts/application
  Rendered friends/_friend.html.erb (Duration: 0.2ms | Allocations: 25)
  Rendered friends/show.html.erb within layouts/application (Duration: 5.1ms | Allocations: 802)
  Rendered home/_navbarheader.html.erb (Duration: 0.3ms | Allocations: 35)
  Rendered layout layouts/application.html.erb (Duration: 18.7ms | Allocations: 3332)
Completed 200 OK in 26ms (Views: 20.4ms | ActiveRecord: 0.4ms | Allocations: 4247)


Started GET "/friends" for ::1 at 2023-02-16 17:59:54 +0530
Processing by FriendsController#index as HTML
  Rendering layout layouts/application.html.erb
  Rendering friends/index.html.erb within layouts/application
  [1m[36mFriend Load (0.3ms)[0m  [1m[34mSELECT "friends".* FROM "friends"[0m
  ↳ app/views/friends/index.html.erb:6
  Rendered friends/_friend.html.erb (Duration: 0.5ms | Allocations: 25)
  Rendered friends/_friend.html.erb (Duration: 0.7ms | Allocations: 24)
  Rendered friends/index.html.erb within layouts/application (Duration: 11.2ms | Allocations: 981)
  Rendered home/_navbarheader.html.erb (Duration: 0.3ms | Allocations: 35)
  Rendered layout layouts/application.html.erb (Duration: 31.2ms | Allocations: 3532)
Completed 200 OK in 35ms (Views: 32.8ms | ActiveRecord: 0.3ms | Allocations: 3858)


